

Using BFGS method to optimize GTR rate parameters, to disable this specify "--no-bfgs" 



This is RAxML version 8.2.12 released by Alexandros Stamatakis on May 2018.

With greatly appreciated code contributions by:
Andre Aberer      (HITS)
Simon Berger      (HITS)
Alexey Kozlov     (HITS)
Kassian Kobert    (HITS)
David Dao         (KIT and HITS)
Sarah Lutteropp   (KIT and HITS)
Nick Pattengale   (Sandia)
Wayne Pfeiffer    (SDSC)
Akifumi S. Tanabe (NRIFS)
Charlie Taylor    (UF)


Alignment has 7 distinct alignment patterns

Proportion of gaps and completely undetermined characters in this alignment: 0.00%

RAxML rapid hill-climbing mode

Using 1 distinct models/data partitions with joint branch length optimization


Executing 1 inferences on the original alignment using 1 distinct randomized MP trees

All free model parameters will be estimated by RAxML
GAMMA model of rate heterogeneity, ML estimate of alpha-parameter

GAMMA Model parameters will be estimated up to an accuracy of 0.1000000000 Log Likelihood units

Partition: 0
Alignment Patterns: 7
Name: No Name Provided
DataType: DNA
Substitution Matrix: GTR




RAxML was called as follows:

/usr/bin/raxmlHPC-PTHREADS-AVX -T 8 -m GTRGAMMA -p 12345 -s /containerfiles/input.fasta -n output -w /containerfiles 


Partition: 0 with name: No Name Provided
Base frequencies: 0.220 0.175 0.320 0.285 

Inference[0]: Time 0.194692 GAMMA-based likelihood -60.020196, best rearrangement setting 5
alpha[0]: 0.118124 rates[0] ac ag at cg ct gt: 31401.663856 17436.882508 6933.203084 7161.974400 28680.148181 1.000000 


Conducting final model optimizations on all 1 trees under GAMMA-based models ....

Inference[0] final GAMMA-based Likelihood: -60.020194 tree written to file /containerfiles/RAxML_result.output


Starting final GAMMA-based thorough Optimization on tree 0 likelihood -60.020194 .... 

Final GAMMA-based Score of best tree -60.020194

Program execution info written to /containerfiles/RAxML_info.output
Best-scoring ML tree written to: /containerfiles/RAxML_bestTree.output

Overall execution time: 0.254208 secs or 0.000071 hours or 0.000003 days

